<?xml version="1.0" encoding="UTF-8"?>
<!-- Generated by org.testng.reporters.JUnitReportReporter -->
<testsuite hostname="NYMCHNCPU315" failures="0" tests="1" name="Bank_Module_Generation.Pop_Up_Fail" time="40.838" errors="0" timestamp="2023-05-17T12:53:18 IST" skipped="0">
  <testcase classname="Bank_Module_Generation.Pop_Up_Fail" name="tc8_pop_UP_Message_of_file_status_Fail" time="40.838"/>
</testsuite> <!-- Bank_Module_Generation.Pop_Up_Fail -->
