<?xml version="1.0" encoding="UTF-8"?>
<!-- Generated by org.testng.reporters.JUnitReportReporter -->
<testsuite hostname="NYMCHNCPU315" failures="0" tests="6" name="N_Drive_Download.N_Drive_suite" time="88.040" errors="0" timestamp="2023-05-17T12:53:18 IST" skipped="0">
  <testcase classname="N_Drive_Download.N_Drive_suite" name="tc1_Login_Screen" time="6.284"/>
  <testcase classname="N_Drive_Download.N_Drive_suite" name="tc2_Select_Widget" time="4.216"/>
  <testcase classname="N_Drive_Download.N_Drive_suite" name="tc3_Selecting_the_required_details" time="11.091"/>
  <testcase classname="N_Drive_Download.N_Drive_suite" name="tc4_Selecting_the_Categories" time="12.387"/>
  <testcase classname="N_Drive_Download.N_Drive_suite" name="tc5_To_Fetch_the_file" time="51.307"/>
  <testcase classname="N_Drive_Download.N_Drive_suite" name="tc6_Download_check" time="2.755"/>
</testsuite> <!-- N_Drive_Download.N_Drive_suite -->
