<?xml version="1.0" encoding="UTF-8"?>
<!-- Generated by org.testng.reporters.JUnitReportReporter -->
<testsuite hostname="NYMCHNCPU315" failures="0" tests="1" name="N_Drive_Download.Bank_File" time="94.793" errors="0" timestamp="2023-05-17T12:53:18 IST" skipped="0">
  <testcase classname="N_Drive_Download.Bank_File" name="tc7_Download_File_Bank_File" time="94.793"/>
</testsuite> <!-- N_Drive_Download.Bank_File -->
