<?xml version="1.0" encoding="UTF-8"?>
<!-- Generated by org.testng.reporters.JUnitReportReporter -->
<testsuite hostname="NYMCHNCPU315" failures="0" tests="9" name="Bank_Module_Generation.bank_module_suite" time="51.870" errors="0" timestamp="2023-05-17T12:53:18 IST" skipped="0">
  <testcase classname="Bank_Module_Generation.bank_module_suite" name="tc1_Login_Screen" time="12.372"/>
  <testcase classname="Bank_Module_Generation.bank_module_suite" name="tc2_Select_Bank_module_Widget" time="10.911"/>
  <testcase classname="Bank_Module_Generation.bank_module_suite" name="tc3_Selecting_the_Required_details_of_CCBU_PG" time="8.975"/>
  <testcase classname="Bank_Module_Generation.bank_module_suite" name="tc4_Clicking_the_generateICON" time="0.185"/>
  <testcase classname="Bank_Module_Generation.bank_module_suite" name="tc5_Tick_to_generate_the_bank_file" time="1.313"/>
  <testcase classname="Bank_Module_Generation.bank_module_suite" name="tc6_Generate_the_bank_file" time="0.194"/>
  <testcase classname="Bank_Module_Generation.bank_module_suite" name="tc7_pop_UP_Message_of_file_status_Pass" time="10.154"/>
  <testcase classname="Bank_Module_Generation.bank_module_suite" name="tc9_Generate_The_Bank_Advice_And_Summary" time="1.199"/>
  <testcase classname="Bank_Module_Generation.bank_module_suite" name="tc10_Getting_pop_up_message" time="6.567"/>
</testsuite> <!-- Bank_Module_Generation.bank_module_suite -->
